<?xml version="1.0" encoding="UTF-8"?>
<testng-results ignored="0" total="1" passed="1" failed="0" skipped="0">
  <reporter-output>
  </reporter-output>
  <suite started-at="2024-08-05T21:18:58 IST" name="Default suite" finished-at="2024-08-05T21:19:14 IST" duration-ms="16852">
    <groups>
    </groups>
    <test started-at="2024-08-05T21:18:58 IST" name="Default test" finished-at="2024-08-05T21:19:14 IST" duration-ms="16852">
      <class name="tests.DockerTests">
        <test-method signature="dockerTest()[pri:0, instance:tests.DockerTests@14555e0a]" started-at="2024-08-05T21:18:58 IST" name="dockerTest" finished-at="2024-08-05T21:19:14 IST" duration-ms="16804" status="PASS">
          <reporter-output>
          </reporter-output>
        </test-method> <!-- dockerTest -->
      </class> <!-- tests.DockerTests -->
    </test> <!-- Default test -->
  </suite> <!-- Default suite -->
</testng-results>
